<?xml version="1.0" encoding="UTF-8"?>
<!-- Generated by org.testng.reporters.JUnitReportReporter -->
<testsuite hostname="MAHFUJ-1B5SPLO" failures="0" tests="1" name="test_signIn.LoginWithValidCredentialUsingEmail" time="14.446" errors="0" timestamp="2020-07-05T13:56:50 EDT" skipped="0">
  <testcase classname="test_signIn.LoginWithValidCredentialUsingEmail" name="loginWithValidCredentialUsingEmailTest" time="14.446"/>
  <system-out/>
</testsuite> <!-- test_signIn.LoginWithValidCredentialUsingEmail -->
